<?xml version="1.0" encoding="UTF-8"?>
<testng-results skipped="0" failed="0" ignored="0" total="1" passed="1">
  <reporter-output>
  </reporter-output>
  <suite name="Opencart Test Suite" duration-ms="15045" started-at="2021-09-18T18:51:25 EDT" finished-at="2021-09-18T18:51:40 EDT">
    <groups>
      <group name="master">
        <method signature="TC_002_Login.test_Login()[pri:0, instance:testCases.TC_002_Login@7ce6a65d]" name="test_Login" class="testCases.TC_002_Login"/>
      </group> <!-- master -->
    </groups>
    <test name="Opencart Tests on Chrome" duration-ms="15045" started-at="2021-09-18T18:51:25 EDT" finished-at="2021-09-18T18:51:40 EDT">
      <class name="testCases.TC_002_Login">
        <test-method status="PASS" signature="setup(java.lang.String)[pri:0, instance:testCases.TC_002_Login@7ce6a65d]" name="setup" is-config="true" duration-ms="4700" started-at="2021-09-18T18:51:25 EDT" finished-at="2021-09-18T18:51:30 EDT">
          <params>
            <param index="0">
              <value>
                <![CDATA[chrome]]>
              </value>
            </param>
          </params>
          <reporter-output>
          </reporter-output>
        </test-method> <!-- setup -->
        <test-method status="PASS" signature="test_Login()[pri:0, instance:testCases.TC_002_Login@7ce6a65d]" name="test_Login" duration-ms="8607" started-at="2021-09-18T18:51:30 EDT" finished-at="2021-09-18T18:51:38 EDT">
          <reporter-output>
          </reporter-output>
        </test-method> <!-- test_Login -->
        <test-method status="PASS" signature="tearDown()[pri:0, instance:testCases.TC_002_Login@7ce6a65d]" name="tearDown" is-config="true" duration-ms="1357" started-at="2021-09-18T18:51:38 EDT" finished-at="2021-09-18T18:51:40 EDT">
          <reporter-output>
          </reporter-output>
        </test-method> <!-- tearDown -->
      </class> <!-- testCases.TC_002_Login -->
    </test> <!-- Opencart Tests on Chrome -->
  </suite> <!-- Opencart Test Suite -->
</testng-results>
