<?xml version="1.0" encoding="UTF-8"?>
<testng-results ignored="0" total="1" passed="1" failed="0" skipped="0">
  <reporter-output>
  </reporter-output>
  <suite started-at="2021-09-18T17:42:57 EDT" name="Opencart Test Suite" finished-at="2021-09-18T17:43:11 EDT" duration-ms="14086">
    <groups>
      <group name="master">
        <method signature="TC_002_Login.test_Login()[pri:0, instance:testCases.TC_002_Login@4659191b]" name="test_Login" class="testCases.TC_002_Login"/>
      </group> <!-- master -->
    </groups>
    <test started-at="2021-09-18T17:42:57 EDT" name="Opencart Tests on Chrome" finished-at="2021-09-18T17:43:11 EDT" duration-ms="14086">
      <class name="testCases.TC_002_Login">
        <test-method is-config="true" signature="setup(java.lang.String)[pri:0, instance:testCases.TC_002_Login@4659191b]" started-at="2021-09-18T17:42:58 EDT" name="setup" finished-at="2021-09-18T17:43:02 EDT" duration-ms="4780" status="PASS">
          <params>
            <param index="0">
              <value>
                <![CDATA[chrome]]>
              </value>
            </param>
          </params>
          <reporter-output>
          </reporter-output>
        </test-method> <!-- setup -->
        <test-method signature="test_Login()[pri:0, instance:testCases.TC_002_Login@4659191b]" started-at="2021-09-18T17:43:02 EDT" name="test_Login" finished-at="2021-09-18T17:43:11 EDT" duration-ms="8424" status="PASS">
          <reporter-output>
          </reporter-output>
        </test-method> <!-- test_Login -->
        <test-method is-config="true" signature="tearDown()[pri:0, instance:testCases.TC_002_Login@4659191b]" started-at="2021-09-18T17:43:11 EDT" name="tearDown" finished-at="2021-09-18T17:43:11 EDT" duration-ms="429" status="PASS">
          <reporter-output>
          </reporter-output>
        </test-method> <!-- tearDown -->
      </class> <!-- testCases.TC_002_Login -->
    </test> <!-- Opencart Tests on Chrome -->
  </suite> <!-- Opencart Test Suite -->
</testng-results>
